{"level":"error","message":"No products found for this category","name":"APP_ERROR","status":404,"timestamp":"2025-02-06 03:29:40.038 AM"}
{"level":"error","message":"No products found for this category","name":"APP_ERROR","status":404,"timestamp":"2025-02-06 03:32:11.513 AM"}
{"level":"error","message":"Oops... Could not find that page","name":"APP_ERROR","status":404,"timestamp":"2025-02-06 03:32:36.585 AM"}
{"level":"error","message":"No products found for this category","name":"APP_ERROR","status":404,"timestamp":"2025-02-06 03:32:51.266 AM"}
{"level":"error","message":"No products found for this category","name":"APP_ERROR","status":404,"timestamp":"2025-02-06 03:33:42.802 AM"}
{"level":"error","message":"Oops... Could not find that page","name":"APP_ERROR","status":404,"timestamp":"2025-02-06 03:33:51.153 AM"}
{"level":"error","message":"No products found for this category","name":"APP_ERROR","status":404,"timestamp":"2025-02-06 03:36:23.563 AM"}
{"level":"error","message":"No products found for this category","name":"APP_ERROR","status":404,"timestamp":"2025-02-06 03:36:32.954 AM"}
{"level":"error","message":"No products found for this category","name":"APP_ERROR","status":404,"timestamp":"2025-02-06 03:36:44.333 AM"}
{"level":"error","message":"No products found for this category","name":"APP_ERROR","status":404,"timestamp":"2025-02-06 03:37:59.912 AM"}
{"level":"error","message":"No products found for this category","name":"APP_ERROR","status":404,"timestamp":"2025-02-06 03:38:49.449 AM"}
{"level":"error","message":"Invalid product category!","name":"APP_ERROR","status":400,"timestamp":"2025-02-06 03:42:15.379 AM"}
{"level":"error","message":"Invalid product category!","name":"APP_ERROR","status":400,"timestamp":"2025-02-06 03:42:27.136 AM"}
{"level":"error","message":"Invalid product category!","name":"APP_ERROR","status":400,"timestamp":"2025-02-06 03:42:37.900 AM"}
{"level":"error","message":"No products found for this category","name":"APP_ERROR","status":404,"timestamp":"2025-02-06 03:43:53.241 AM"}
{"level":"error","message":"No sponsored products found","name":"APP_ERROR","status":404,"timestamp":"2025-02-06 03:53:56.107 AM"}
{"level":"error","message":"No products found","name":"APP_ERROR","status":404,"timestamp":"2025-02-06 04:08:23.294 AM"}
{"level":"error","message":"No products found","name":"APP_ERROR","status":404,"timestamp":"2025-02-06 04:09:47.047 AM"}
{"level":"error","message":"No products found","name":"APP_ERROR","status":404,"timestamp":"2025-02-06 04:10:03.438 AM"}
{"level":"error","timestamp":"2025-02-06 04:34:49.311 AM"}
{"level":"error","message":"Error sending email","name":"APP_ERROR","status":500,"timestamp":"2025-02-06 04:34:49.669 AM"}
{"level":"error","timestamp":"2025-02-06 04:41:42.047 AM"}
{"level":"error","message":"Error sending email","name":"APP_ERROR","status":500,"timestamp":"2025-02-06 04:44:52.213 AM"}
{"level":"error","message":"Error sending email","name":"APP_ERROR","status":500,"timestamp":"2025-02-06 04:52:37.319 AM"}
{"level":"error","message":"OTP not found!","name":"APP_ERROR","status":404,"timestamp":"2025-02-08 01:04:29.460 PM"}
{"level":"error","message":"Cannot update bank account details at this moment","name":"APP_ERROR","status":400,"timestamp":"2025-02-08 01:12:06.041 PM"}
{"level":"error","message":"Invalid push token!","name":"APP_ERROR","status":422,"timestamp":"2025-02-08 01:14:15.049 PM"}
{"level":"error","message":"Product not found!","name":"APP_ERROR","status":404,"timestamp":"2025-02-08 02:09:48.505 PM"}
{"level":"error","message":"Product not available!","name":"APP_ERROR","status":400,"timestamp":"2025-02-08 02:25:35.641 PM"}
{"level":"error","message":"Product not found!","name":"APP_ERROR","status":404,"timestamp":"2025-02-11 07:39:58.525 AM"}
{"level":"error","message":"Product not found!","name":"APP_ERROR","status":404,"timestamp":"2025-02-11 07:41:42.711 AM"}
{"kind":"ObjectId","message":"Cast to ObjectId failed for value \"2025-02-11T06:45:48.445Z\" (type Date) at path \"deleted_at\" because of \"BSONError\"","name":"CastError","path":"deleted_at","reason":{},"stringValue":"\"2025-02-11T06:45:48.445Z\"","value":"2025-02-11T06:45:48.445Z","valueType":"Date"}
{"kind":"ObjectId","message":"Cast to ObjectId failed for value \"2025-02-11T06:46:52.028Z\" (type Date) at path \"deleted_at\" because of \"BSONError\"","name":"CastError","path":"deleted_at","reason":{},"stringValue":"\"2025-02-11T06:46:52.028Z\"","value":"2025-02-11T06:46:52.028Z","valueType":"Date"}
{"level":"error","message":"A similar product exists","name":"APP_ERROR","status":400,"timestamp":"2025-02-12 09:32:18.381 AM"}
{"level":"error","message":"A similar product exists","name":"APP_ERROR","status":400,"timestamp":"2025-02-12 09:32:18.417 AM"}
